mode: set
github.com/nguyenvanxuanvu/register_course_check/pkg/modulefx/cache/cache.go:30.58,32.2 1 0
github.com/nguyenvanxuanvu/register_course_check/pkg/modulefx/cache/cache.go:35.108,41.37 4 0
github.com/nguyenvanxuanvu/register_course_check/pkg/modulefx/cache/cache.go:44.2,47.16 3 0
github.com/nguyenvanxuanvu/register_course_check/pkg/modulefx/cache/cache.go:53.2,53.30 1 0
github.com/nguyenvanxuanvu/register_course_check/pkg/modulefx/cache/cache.go:41.37,43.3 1 0
github.com/nguyenvanxuanvu/register_course_check/pkg/modulefx/cache/cache.go:47.16,49.3 1 0
github.com/nguyenvanxuanvu/register_course_check/pkg/modulefx/cache/cache.go:56.129,62.16 5 0
github.com/nguyenvanxuanvu/register_course_check/pkg/modulefx/cache/cache.go:65.2,66.16 2 0
github.com/nguyenvanxuanvu/register_course_check/pkg/modulefx/cache/cache.go:70.2,70.21 1 0
github.com/nguyenvanxuanvu/register_course_check/pkg/modulefx/cache/cache.go:62.16,64.3 1 0
github.com/nguyenvanxuanvu/register_course_check/pkg/modulefx/cache/cache.go:66.16,68.3 1 0
github.com/nguyenvanxuanvu/register_course_check/pkg/modulefx/cache/cache.go:73.106,79.37 4 0
github.com/nguyenvanxuanvu/register_course_check/pkg/modulefx/cache/cache.go:82.2,84.16 3 0
github.com/nguyenvanxuanvu/register_course_check/pkg/modulefx/cache/cache.go:89.2,89.30 1 0
github.com/nguyenvanxuanvu/register_course_check/pkg/modulefx/cache/cache.go:79.37,81.3 1 0
github.com/nguyenvanxuanvu/register_course_check/pkg/modulefx/cache/cache.go:84.16,86.3 1 0
github.com/nguyenvanxuanvu/register_course_check/pkg/modulefx/cache/cache.go:92.127,98.16 5 0
github.com/nguyenvanxuanvu/register_course_check/pkg/modulefx/cache/cache.go:101.2,102.16 2 0
github.com/nguyenvanxuanvu/register_course_check/pkg/modulefx/cache/cache.go:106.2,106.21 1 0
github.com/nguyenvanxuanvu/register_course_check/pkg/modulefx/cache/cache.go:98.16,100.3 1 0
github.com/nguyenvanxuanvu/register_course_check/pkg/modulefx/cache/cache.go:102.16,104.3 1 0
github.com/nguyenvanxuanvu/register_course_check/pkg/modulefx/cache/cache.go:111.105,117.38 4 0
github.com/nguyenvanxuanvu/register_course_check/pkg/modulefx/cache/cache.go:120.2,123.16 3 0
github.com/nguyenvanxuanvu/register_course_check/pkg/modulefx/cache/cache.go:129.2,129.31 1 0
github.com/nguyenvanxuanvu/register_course_check/pkg/modulefx/cache/cache.go:117.38,119.3 1 0
github.com/nguyenvanxuanvu/register_course_check/pkg/modulefx/cache/cache.go:123.16,125.3 1 0
github.com/nguyenvanxuanvu/register_course_check/pkg/modulefx/cache/cache.go:133.127,138.16 4 0
github.com/nguyenvanxuanvu/register_course_check/pkg/modulefx/cache/cache.go:141.2,142.16 2 0
github.com/nguyenvanxuanvu/register_course_check/pkg/modulefx/cache/cache.go:145.2,146.16 2 0
github.com/nguyenvanxuanvu/register_course_check/pkg/modulefx/cache/cache.go:150.2,150.21 1 0
github.com/nguyenvanxuanvu/register_course_check/pkg/modulefx/cache/cache.go:138.16,140.3 1 0
github.com/nguyenvanxuanvu/register_course_check/pkg/modulefx/cache/cache.go:142.16,144.3 1 0
github.com/nguyenvanxuanvu/register_course_check/pkg/modulefx/cache/cache.go:146.16,148.3 1 0
github.com/nguyenvanxuanvu/register_course_check/pkg/dto/config.go:42.56,44.2 1 0
github.com/nguyenvanxuanvu/register_course_check/pkg/dto/config.go:47.57,50.2 2 1
github.com/nguyenvanxuanvu/register_course_check/pkg/modulefx/service/check_register.go:28.125,33.16 4 0
github.com/nguyenvanxuanvu/register_course_check/pkg/modulefx/service/check_register.go:44.2,47.45 4 0
github.com/nguyenvanxuanvu/register_course_check/pkg/modulefx/service/check_register.go:60.2,60.34 1 0
github.com/nguyenvanxuanvu/register_course_check/pkg/modulefx/service/check_register.go:64.2,67.46 3 0
github.com/nguyenvanxuanvu/register_course_check/pkg/modulefx/service/check_register.go:75.2,93.69 8 0
github.com/nguyenvanxuanvu/register_course_check/pkg/modulefx/service/check_register.go:97.2,98.125 2 0
github.com/nguyenvanxuanvu/register_course_check/pkg/modulefx/service/check_register.go:102.2,108.8 1 0
github.com/nguyenvanxuanvu/register_course_check/pkg/modulefx/service/check_register.go:33.16,34.48 1 0
github.com/nguyenvanxuanvu/register_course_check/pkg/modulefx/service/check_register.go:34.48,39.4 1 0
github.com/nguyenvanxuanvu/register_course_check/pkg/modulefx/service/check_register.go:39.9,41.4 1 0
github.com/nguyenvanxuanvu/register_course_check/pkg/modulefx/service/check_register.go:47.45,48.59 1 0
github.com/nguyenvanxuanvu/register_course_check/pkg/modulefx/service/check_register.go:48.59,50.4 1 0
github.com/nguyenvanxuanvu/register_course_check/pkg/modulefx/service/check_register.go:50.9,53.58 3 0
github.com/nguyenvanxuanvu/register_course_check/pkg/modulefx/service/check_register.go:56.4,56.73 1 0
github.com/nguyenvanxuanvu/register_course_check/pkg/modulefx/service/check_register.go:53.58,55.5 1 0
github.com/nguyenvanxuanvu/register_course_check/pkg/modulefx/service/check_register.go:60.34,62.3 1 0
github.com/nguyenvanxuanvu/register_course_check/pkg/modulefx/service/check_register.go:67.46,68.72 1 0
github.com/nguyenvanxuanvu/register_course_check/pkg/modulefx/service/check_register.go:68.72,70.4 1 0
github.com/nguyenvanxuanvu/register_course_check/pkg/modulefx/service/check_register.go:93.69,95.3 1 0
github.com/nguyenvanxuanvu/register_course_check/pkg/modulefx/service/check_register.go:98.125,100.3 1 0
github.com/nguyenvanxuanvu/register_course_check/pkg/modulefx/service/check_register.go:114.226,115.16 1 0
github.com/nguyenvanxuanvu/register_course_check/pkg/modulefx/service/check_register.go:115.16,116.103 1 0
github.com/nguyenvanxuanvu/register_course_check/pkg/modulefx/service/check_register.go:116.103,118.4 1 0
github.com/nguyenvanxuanvu/register_course_check/pkg/modulefx/service/check_register.go:118.9,120.4 1 0
github.com/nguyenvanxuanvu/register_course_check/pkg/modulefx/service/check_register.go:121.8,122.18 1 0
github.com/nguyenvanxuanvu/register_course_check/pkg/modulefx/service/check_register.go:122.18,124.33 2 0
github.com/nguyenvanxuanvu/register_course_check/pkg/modulefx/service/check_register.go:129.4,130.35 2 0
github.com/nguyenvanxuanvu/register_course_check/pkg/modulefx/service/check_register.go:133.4,133.21 1 0
github.com/nguyenvanxuanvu/register_course_check/pkg/modulefx/service/check_register.go:124.33,127.5 2 0
github.com/nguyenvanxuanvu/register_course_check/pkg/modulefx/service/check_register.go:130.35,132.5 1 0
github.com/nguyenvanxuanvu/register_course_check/pkg/modulefx/service/check_register.go:134.9,135.33 1 0
github.com/nguyenvanxuanvu/register_course_check/pkg/modulefx/service/check_register.go:141.4,141.16 1 0
github.com/nguyenvanxuanvu/register_course_check/pkg/modulefx/service/check_register.go:135.33,137.28 2 0
github.com/nguyenvanxuanvu/register_course_check/pkg/modulefx/service/check_register.go:137.28,139.6 1 0
github.com/nguyenvanxuanvu/register_course_check/pkg/modulefx/service/check_register.go:149.224,151.21 1 0
github.com/nguyenvanxuanvu/register_course_check/pkg/modulefx/service/check_register.go:151.21,153.92 1 0
github.com/nguyenvanxuanvu/register_course_check/pkg/modulefx/service/check_register.go:163.3,163.14 1 0
github.com/nguyenvanxuanvu/register_course_check/pkg/modulefx/service/check_register.go:153.92,162.4 3 0
github.com/nguyenvanxuanvu/register_course_check/pkg/modulefx/service/check_register.go:164.8,164.28 1 0
github.com/nguyenvanxuanvu/register_course_check/pkg/modulefx/service/check_register.go:164.28,166.92 1 0
github.com/nguyenvanxuanvu/register_course_check/pkg/modulefx/service/check_register.go:176.3,176.14 1 0
github.com/nguyenvanxuanvu/register_course_check/pkg/modulefx/service/check_register.go:166.92,175.4 3 0
github.com/nguyenvanxuanvu/register_course_check/pkg/modulefx/service/check_register.go:177.8,178.106 1 0
github.com/nguyenvanxuanvu/register_course_check/pkg/modulefx/service/check_register.go:187.3,187.14 1 0
github.com/nguyenvanxuanvu/register_course_check/pkg/modulefx/service/check_register.go:178.106,186.4 3 0
github.com/nguyenvanxuanvu/register_course_check/pkg/modulefx/service/check_register.go:194.78,195.45 1 0
github.com/nguyenvanxuanvu/register_course_check/pkg/modulefx/service/check_register.go:200.2,200.14 1 0
github.com/nguyenvanxuanvu/register_course_check/pkg/modulefx/service/check_register.go:195.45,196.40 1 0
github.com/nguyenvanxuanvu/register_course_check/pkg/modulefx/service/check_register.go:196.40,198.4 1 0
github.com/nguyenvanxuanvu/register_course_check/pkg/modulefx/service/check_register.go:207.88,208.19 1 0
github.com/nguyenvanxuanvu/register_course_check/pkg/modulefx/service/check_register.go:208.19,209.40 1 0
github.com/nguyenvanxuanvu/register_course_check/pkg/modulefx/service/check_register.go:214.3,214.15 1 0
github.com/nguyenvanxuanvu/register_course_check/pkg/modulefx/service/check_register.go:209.40,210.81 1 0
github.com/nguyenvanxuanvu/register_course_check/pkg/modulefx/service/check_register.go:210.81,212.5 1 0
github.com/nguyenvanxuanvu/register_course_check/pkg/modulefx/service/check_register.go:216.8,217.40 1 0
github.com/nguyenvanxuanvu/register_course_check/pkg/modulefx/service/check_register.go:222.3,222.15 1 0
github.com/nguyenvanxuanvu/register_course_check/pkg/modulefx/service/check_register.go:217.40,218.35 1 0
github.com/nguyenvanxuanvu/register_course_check/pkg/modulefx/service/check_register.go:218.35,220.5 1 0
github.com/nguyenvanxuanvu/register_course_check/pkg/modulefx/service/check_register.go:227.264,233.25 6 0
github.com/nguyenvanxuanvu/register_course_check/pkg/modulefx/service/check_register.go:251.2,251.26 1 0
github.com/nguyenvanxuanvu/register_course_check/pkg/modulefx/service/check_register.go:256.2,256.26 1 0
github.com/nguyenvanxuanvu/register_course_check/pkg/modulefx/service/check_register.go:262.2,262.35 1 0
github.com/nguyenvanxuanvu/register_course_check/pkg/modulefx/service/check_register.go:268.2,268.35 1 0
github.com/nguyenvanxuanvu/register_course_check/pkg/modulefx/service/check_register.go:274.2,274.41 1 0
github.com/nguyenvanxuanvu/register_course_check/pkg/modulefx/service/check_register.go:279.2,280.13 2 0
github.com/nguyenvanxuanvu/register_course_check/pkg/modulefx/service/check_register.go:233.25,235.17 2 0
github.com/nguyenvanxuanvu/register_course_check/pkg/modulefx/service/check_register.go:240.3,241.17 2 0
github.com/nguyenvanxuanvu/register_course_check/pkg/modulefx/service/check_register.go:235.17,239.4 3 0
github.com/nguyenvanxuanvu/register_course_check/pkg/modulefx/service/check_register.go:241.17,245.4 3 0
github.com/nguyenvanxuanvu/register_course_check/pkg/modulefx/service/check_register.go:246.8,249.3 2 0
github.com/nguyenvanxuanvu/register_course_check/pkg/modulefx/service/check_register.go:251.26,255.3 3 0
github.com/nguyenvanxuanvu/register_course_check/pkg/modulefx/service/check_register.go:256.26,260.3 3 0
github.com/nguyenvanxuanvu/register_course_check/pkg/modulefx/service/check_register.go:262.35,266.3 3 0
github.com/nguyenvanxuanvu/register_course_check/pkg/modulefx/service/check_register.go:268.35,272.3 3 0
github.com/nguyenvanxuanvu/register_course_check/pkg/modulefx/service/check_register.go:274.41,278.3 3 0
github.com/nguyenvanxuanvu/register_course_check/pkg/modulefx/service/check_register.go:283.271,286.31 3 0
github.com/nguyenvanxuanvu/register_course_check/pkg/modulefx/service/check_register.go:317.2,318.13 2 0
github.com/nguyenvanxuanvu/register_course_check/pkg/modulefx/service/check_register.go:286.31,289.29 3 0
github.com/nguyenvanxuanvu/register_course_check/pkg/modulefx/service/check_register.go:299.3,299.45 1 0
github.com/nguyenvanxuanvu/register_course_check/pkg/modulefx/service/check_register.go:289.29,292.18 3 0
github.com/nguyenvanxuanvu/register_course_check/pkg/modulefx/service/check_register.go:292.18,296.5 3 0
github.com/nguyenvanxuanvu/register_course_check/pkg/modulefx/service/check_register.go:299.45,308.151 3 0
github.com/nguyenvanxuanvu/register_course_check/pkg/modulefx/service/check_register.go:308.151,309.46 1 0
github.com/nguyenvanxuanvu/register_course_check/pkg/modulefx/service/check_register.go:309.46,311.6 1 0
github.com/nguyenvanxuanvu/register_course_check/pkg/modulefx/service/check_register.go:321.31,322.25 1 0
github.com/nguyenvanxuanvu/register_course_check/pkg/modulefx/service/check_register.go:327.2,327.12 1 0
github.com/nguyenvanxuanvu/register_course_check/pkg/modulefx/service/check_register.go:322.25,323.17 1 0
github.com/nguyenvanxuanvu/register_course_check/pkg/modulefx/service/check_register.go:323.17,325.4 1 0
github.com/nguyenvanxuanvu/register_course_check/pkg/modulefx/service/check_register.go:330.128,334.24 3 0
github.com/nguyenvanxuanvu/register_course_check/pkg/modulefx/service/check_register.go:337.2,337.25 1 0
github.com/nguyenvanxuanvu/register_course_check/pkg/modulefx/service/check_register.go:350.2,350.50 1 0
github.com/nguyenvanxuanvu/register_course_check/pkg/modulefx/service/check_register.go:354.2,354.36 1 0
github.com/nguyenvanxuanvu/register_course_check/pkg/modulefx/service/check_register.go:357.2,357.25 1 0
github.com/nguyenvanxuanvu/register_course_check/pkg/modulefx/service/check_register.go:334.24,336.3 1 0
github.com/nguyenvanxuanvu/register_course_check/pkg/modulefx/service/check_register.go:337.25,340.25 2 0
github.com/nguyenvanxuanvu/register_course_check/pkg/modulefx/service/check_register.go:343.3,345.17 3 0
github.com/nguyenvanxuanvu/register_course_check/pkg/modulefx/service/check_register.go:340.25,342.4 1 0
github.com/nguyenvanxuanvu/register_course_check/pkg/modulefx/service/check_register.go:345.17,347.4 1 0
github.com/nguyenvanxuanvu/register_course_check/pkg/modulefx/service/check_register.go:350.50,352.3 1 0
github.com/nguyenvanxuanvu/register_course_check/pkg/modulefx/service/check_register.go:354.36,356.3 1 0
github.com/nguyenvanxuanvu/register_course_check/pkg/modulefx/controller/controller.go:11.94,15.2 1 1
github.com/nguyenvanxuanvu/register_course_check/testing/mocks/Client.go:26.57,30.2 3 1
github.com/nguyenvanxuanvu/register_course_check/testing/mocks/Client.go:33.55,35.2 1 0
github.com/nguyenvanxuanvu/register_course_check/testing/mocks/Client.go:38.70,43.2 4 0
github.com/nguyenvanxuanvu/register_course_check/testing/mocks/Client.go:46.81,49.2 2 0
github.com/nguyenvanxuanvu/register_course_check/testing/mocks/Client.go:52.72,57.2 4 0
github.com/nguyenvanxuanvu/register_course_check/testing/mocks/Client.go:60.81,63.2 2 0
github.com/nguyenvanxuanvu/register_course_check/pkg/modulefx/router/common.go:18.84,19.21 1 0
github.com/nguyenvanxuanvu/register_course_check/pkg/modulefx/router/common.go:20.20,21.38 1 0
github.com/nguyenvanxuanvu/register_course_check/pkg/modulefx/router/common.go:22.10,24.67 2 0
github.com/nguyenvanxuanvu/register_course_check/pkg/modulefx/router/common.go:29.91,38.2 1 1
github.com/nguyenvanxuanvu/register_course_check/config/config.go:10.26,12.18 2 0
github.com/nguyenvanxuanvu/register_course_check/config/config.go:16.2,18.45 3 0
github.com/nguyenvanxuanvu/register_course_check/config/config.go:21.2,21.59 1 0
github.com/nguyenvanxuanvu/register_course_check/config/config.go:12.18,15.3 2 0
github.com/nguyenvanxuanvu/register_course_check/config/config.go:18.45,20.3 1 0
github.com/nguyenvanxuanvu/register_course_check/pkg/modulefx/authen/authen.go:13.39,15.2 1 1
github.com/nguyenvanxuanvu/register_course_check/pkg/modulefx/authen/authen.go:17.59,19.28 2 0
github.com/nguyenvanxuanvu/register_course_check/pkg/modulefx/authen/authen.go:19.28,21.3 1 0
github.com/nguyenvanxuanvu/register_course_check/pkg/modulefx/authen/authen.go:21.8,23.3 1 0
github.com/nguyenvanxuanvu/register_course_check/pkg/modulefx/cache/helper.go:17.30,19.2 1 0
github.com/nguyenvanxuanvu/register_course_check/pkg/modulefx/cache/helper.go:21.54,23.2 1 0
github.com/nguyenvanxuanvu/register_course_check/pkg/modulefx/cache/helper.go:25.54,27.2 1 0
github.com/nguyenvanxuanvu/register_course_check/pkg/modulefx/cache/helper.go:29.62,31.2 1 0
github.com/nguyenvanxuanvu/register_course_check/testing/mocks/Repository.go:26.65,30.2 3 0
github.com/nguyenvanxuanvu/register_course_check/testing/mocks/Repository.go:33.63,35.2 1 0
github.com/nguyenvanxuanvu/register_course_check/testing/mocks/Repository.go:38.129,45.2 6 0
github.com/nguyenvanxuanvu/register_course_check/testing/mocks/Repository.go:48.116,51.2 2 0
github.com/nguyenvanxuanvu/register_course_check/testing/mocks/Repository.go:54.89,61.2 6 0
github.com/nguyenvanxuanvu/register_course_check/testing/mocks/Repository.go:64.98,67.2 2 0
github.com/nguyenvanxuanvu/register_course_check/testing/mocks/Repository.go:70.96,76.2 5 0
github.com/nguyenvanxuanvu/register_course_check/testing/mocks/Repository.go:79.92,82.2 2 0
github.com/nguyenvanxuanvu/register_course_check/pkg/modulefx/client/client.go:13.25,15.2 1 1
github.com/nguyenvanxuanvu/register_course_check/pkg/modulefx/client/client.go:17.64,21.16 2 0
github.com/nguyenvanxuanvu/register_course_check/pkg/modulefx/client/client.go:25.2,35.44 5 0
github.com/nguyenvanxuanvu/register_course_check/pkg/modulefx/client/client.go:46.2,46.12 1 0
github.com/nguyenvanxuanvu/register_course_check/pkg/modulefx/client/client.go:21.16,23.3 1 0
github.com/nguyenvanxuanvu/register_course_check/pkg/modulefx/client/client.go:35.44,36.37 1 0
github.com/nguyenvanxuanvu/register_course_check/pkg/modulefx/client/client.go:36.37,44.4 1 0
github.com/nguyenvanxuanvu/register_course_check/pkg/modulefx/client/client.go:50.66,53.16 2 0
github.com/nguyenvanxuanvu/register_course_check/pkg/modulefx/client/client.go:57.2,67.44 5 0
github.com/nguyenvanxuanvu/register_course_check/pkg/modulefx/client/client.go:72.2,72.12 1 0
github.com/nguyenvanxuanvu/register_course_check/pkg/modulefx/client/client.go:53.16,55.3 1 0
github.com/nguyenvanxuanvu/register_course_check/pkg/modulefx/client/client.go:67.44,68.37 1 0
github.com/nguyenvanxuanvu/register_course_check/pkg/modulefx/client/client.go:68.37,70.4 1 0
github.com/nguyenvanxuanvu/register_course_check/pkg/modulefx/service/service.go:23.30,30.2 1 1
github.com/nguyenvanxuanvu/register_course_check/cmd/app/main.go:18.18,20.2 1 0
github.com/nguyenvanxuanvu/register_course_check/cmd/app/main.go:22.13,34.2 3 0
github.com/nguyenvanxuanvu/register_course_check/pkg/modulefx/router/helper.go:9.40,14.2 3 0
github.com/nguyenvanxuanvu/register_course_check/redis/redisconfig/redis.go:24.39,30.64 3 0
github.com/nguyenvanxuanvu/register_course_check/redis/redisconfig/redis.go:34.2,36.45 2 0
github.com/nguyenvanxuanvu/register_course_check/redis/redisconfig/redis.go:30.64,32.3 1 0
github.com/nguyenvanxuanvu/register_course_check/redis/redisconfig/redis.go:39.102,41.16 2 0
github.com/nguyenvanxuanvu/register_course_check/redis/redisconfig/redis.go:44.2,44.18 1 0
github.com/nguyenvanxuanvu/register_course_check/redis/redisconfig/redis.go:41.16,43.3 1 0
github.com/nguyenvanxuanvu/register_course_check/redis/redisconfig/redis.go:47.68,49.16 2 0
github.com/nguyenvanxuanvu/register_course_check/redis/redisconfig/redis.go:53.2,54.16 2 0
github.com/nguyenvanxuanvu/register_course_check/redis/redisconfig/redis.go:58.2,58.12 1 0
github.com/nguyenvanxuanvu/register_course_check/redis/redisconfig/redis.go:49.16,52.3 2 0
github.com/nguyenvanxuanvu/register_course_check/redis/redisconfig/redis.go:54.16,57.3 2 0
github.com/nguyenvanxuanvu/register_course_check/redis/redisconfig/redis.go:61.74,63.16 2 0
github.com/nguyenvanxuanvu/register_course_check/redis/redisconfig/redis.go:67.2,67.12 1 0
github.com/nguyenvanxuanvu/register_course_check/redis/redisconfig/redis.go:63.16,66.3 2 0
github.com/nguyenvanxuanvu/register_course_check/pkg/modulefx/service/update_course_condition.go:11.131,13.16 2 0
github.com/nguyenvanxuanvu/register_course_check/pkg/modulefx/service/update_course_condition.go:16.2,16.18 1 0
github.com/nguyenvanxuanvu/register_course_check/pkg/modulefx/service/update_course_condition.go:13.16,15.3 1 0
github.com/nguyenvanxuanvu/register_course_check/pkg/modulefx/controller/register_course_check_controller.go:11.110,13.2 1 0
github.com/nguyenvanxuanvu/register_course_check/pkg/modulefx/controller/register_course_check_controller.go:15.125,17.2 1 0
github.com/nguyenvanxuanvu/register_course_check/pkg/modulefx/controller/register_course_check_controller.go:19.116,21.2 1 0
github.com/nguyenvanxuanvu/register_course_check/httpserver/http_server.go:14.55,24.44 4 0
github.com/nguyenvanxuanvu/register_course_check/httpserver/http_server.go:24.44,25.14 1 0
github.com/nguyenvanxuanvu/register_course_check/httpserver/http_server.go:31.4,31.14 1 0
github.com/nguyenvanxuanvu/register_course_check/httpserver/http_server.go:25.14,27.79 2 0
github.com/nguyenvanxuanvu/register_course_check/httpserver/http_server.go:27.79,29.6 1 0
github.com/nguyenvanxuanvu/register_course_check/httpserver/http_server.go:33.41,39.4 5 0
github.com/nguyenvanxuanvu/register_course_check/httpserver/http_server.go:43.49,45.14 2 0
github.com/nguyenvanxuanvu/register_course_check/httpserver/http_server.go:50.2,50.12 1 0
github.com/nguyenvanxuanvu/register_course_check/httpserver/http_server.go:45.14,46.70 1 0
github.com/nguyenvanxuanvu/register_course_check/httpserver/http_server.go:46.70,48.4 1 0
github.com/nguyenvanxuanvu/register_course_check/pkg/modulefx/repository/config_repository.go:13.56,15.2 1 1
github.com/nguyenvanxuanvu/register_course_check/pkg/modulefx/repository/config_repository.go:20.76,22.16 2 1
github.com/nguyenvanxuanvu/register_course_check/pkg/modulefx/repository/config_repository.go:25.2,27.18 2 1
github.com/nguyenvanxuanvu/register_course_check/pkg/modulefx/repository/config_repository.go:35.2,35.27 1 1
github.com/nguyenvanxuanvu/register_course_check/pkg/modulefx/repository/config_repository.go:22.16,24.3 1 0
github.com/nguyenvanxuanvu/register_course_check/pkg/modulefx/repository/config_repository.go:27.18,30.17 3 1
github.com/nguyenvanxuanvu/register_course_check/pkg/modulefx/repository/config_repository.go:33.3,33.54 1 1
github.com/nguyenvanxuanvu/register_course_check/pkg/modulefx/repository/config_repository.go:30.17,32.4 1 0
github.com/nguyenvanxuanvu/register_course_check/pkg/modulefx/repository/config_repository.go:41.103,43.16 2 1
github.com/nguyenvanxuanvu/register_course_check/pkg/modulefx/repository/config_repository.go:46.2,47.18 2 1
github.com/nguyenvanxuanvu/register_course_check/pkg/modulefx/repository/config_repository.go:59.2,59.36 1 1
github.com/nguyenvanxuanvu/register_course_check/pkg/modulefx/repository/config_repository.go:43.16,45.3 1 0
github.com/nguyenvanxuanvu/register_course_check/pkg/modulefx/repository/config_repository.go:47.18,52.17 3 1
github.com/nguyenvanxuanvu/register_course_check/pkg/modulefx/repository/config_repository.go:56.3,56.69 1 1
github.com/nguyenvanxuanvu/register_course_check/pkg/modulefx/repository/config_repository.go:52.17,54.4 1 0
github.com/nguyenvanxuanvu/register_course_check/pkg/modulefx/dbconfig/config.go:13.70,16.16 2 1
github.com/nguyenvanxuanvu/register_course_check/pkg/modulefx/dbconfig/config.go:20.2,21.16 2 1
github.com/nguyenvanxuanvu/register_course_check/pkg/modulefx/dbconfig/config.go:27.2,29.45 2 1
github.com/nguyenvanxuanvu/register_course_check/pkg/modulefx/dbconfig/config.go:38.2,41.8 1 1
github.com/nguyenvanxuanvu/register_course_check/pkg/modulefx/dbconfig/config.go:16.16,18.3 1 0
github.com/nguyenvanxuanvu/register_course_check/pkg/modulefx/dbconfig/config.go:21.16,23.3 1 0
github.com/nguyenvanxuanvu/register_course_check/pkg/modulefx/dbconfig/config.go:29.45,35.3 4 1
github.com/nguyenvanxuanvu/register_course_check/pkg/modulefx/dbconfig/config.go:46.76,48.2 1 0
github.com/nguyenvanxuanvu/register_course_check/pkg/modulefx/service/suggestion.go:18.140,22.16 4 0
github.com/nguyenvanxuanvu/register_course_check/pkg/modulefx/service/suggestion.go:26.2,48.98 14 0
github.com/nguyenvanxuanvu/register_course_check/pkg/modulefx/service/suggestion.go:51.2,57.8 2 0
github.com/nguyenvanxuanvu/register_course_check/pkg/modulefx/service/suggestion.go:22.16,24.3 1 0
github.com/nguyenvanxuanvu/register_course_check/pkg/modulefx/service/suggestion.go:48.98,50.3 1 0
github.com/nguyenvanxuanvu/register_course_check/pkg/modulefx/service/suggestion.go:60.195,66.28 5 0
github.com/nguyenvanxuanvu/register_course_check/pkg/modulefx/service/suggestion.go:76.2,76.41 1 0
github.com/nguyenvanxuanvu/register_course_check/pkg/modulefx/service/suggestion.go:87.2,88.13 2 0
github.com/nguyenvanxuanvu/register_course_check/pkg/modulefx/service/suggestion.go:66.28,69.17 3 0
github.com/nguyenvanxuanvu/register_course_check/pkg/modulefx/service/suggestion.go:69.17,73.4 3 0
github.com/nguyenvanxuanvu/register_course_check/pkg/modulefx/service/suggestion.go:76.41,77.25 1 0
github.com/nguyenvanxuanvu/register_course_check/pkg/modulefx/service/suggestion.go:77.25,85.4 2 0
github.com/nguyenvanxuanvu/register_course_check/pkg/modulefx/service/suggestion.go:91.256,96.16 4 0
github.com/nguyenvanxuanvu/register_course_check/pkg/modulefx/service/suggestion.go:101.2,103.36 2 0
github.com/nguyenvanxuanvu/register_course_check/pkg/modulefx/service/suggestion.go:115.2,116.13 2 0
github.com/nguyenvanxuanvu/register_course_check/pkg/modulefx/service/suggestion.go:96.16,100.3 3 0
github.com/nguyenvanxuanvu/register_course_check/pkg/modulefx/service/suggestion.go:103.36,107.58 2 0
github.com/nguyenvanxuanvu/register_course_check/pkg/modulefx/service/suggestion.go:107.58,112.4 4 0
github.com/nguyenvanxuanvu/register_course_check/pkg/modulefx/service/suggestion.go:119.198,125.25 4 0
github.com/nguyenvanxuanvu/register_course_check/pkg/modulefx/service/suggestion.go:146.2,147.13 2 0
github.com/nguyenvanxuanvu/register_course_check/pkg/modulefx/service/suggestion.go:125.25,130.17 4 0
github.com/nguyenvanxuanvu/register_course_check/pkg/modulefx/service/suggestion.go:135.3,137.17 2 0
github.com/nguyenvanxuanvu/register_course_check/pkg/modulefx/service/suggestion.go:130.17,134.4 3 0
github.com/nguyenvanxuanvu/register_course_check/pkg/modulefx/service/suggestion.go:137.17,141.4 3 0
github.com/nguyenvanxuanvu/register_course_check/pkg/modulefx/service/suggestion.go:142.8,145.3 2 0
github.com/nguyenvanxuanvu/register_course_check/testing/mocks/Cache.go:27.69,31.2 3 1
github.com/nguyenvanxuanvu/register_course_check/testing/mocks/Cache.go:34.67,36.2 1 0
github.com/nguyenvanxuanvu/register_course_check/testing/mocks/Cache.go:39.94,45.2 5 0
github.com/nguyenvanxuanvu/register_course_check/testing/mocks/Cache.go:48.94,51.2 2 0
github.com/nguyenvanxuanvu/register_course_check/testing/mocks/Cache.go:54.107,60.2 5 0
github.com/nguyenvanxuanvu/register_course_check/testing/mocks/Cache.go:63.93,66.2 2 0
github.com/nguyenvanxuanvu/register_course_check/testing/mocks/Cache.go:69.109,75.2 5 0
github.com/nguyenvanxuanvu/register_course_check/testing/mocks/Cache.go:78.93,81.2 2 0
github.com/nguyenvanxuanvu/register_course_check/testing/mocks/Cache.go:84.108,90.2 5 0
github.com/nguyenvanxuanvu/register_course_check/testing/mocks/Cache.go:93.103,96.2 2 0
github.com/nguyenvanxuanvu/register_course_check/testing/mocks/Cache.go:99.121,105.2 5 0
github.com/nguyenvanxuanvu/register_course_check/testing/mocks/Cache.go:108.102,111.2 2 0
github.com/nguyenvanxuanvu/register_course_check/testing/mocks/Cache.go:114.123,120.2 5 0
github.com/nguyenvanxuanvu/register_course_check/testing/mocks/Cache.go:123.102,126.2 2 0
github.com/nguyenvanxuanvu/register_course_check/pkg/modulefx/router/handler.go:19.124,25.2 4 1
github.com/nguyenvanxuanvu/register_course_check/pkg/modulefx/router/handler.go:27.129,35.2 3 1
github.com/nguyenvanxuanvu/register_course_check/pkg/modulefx/router/handler.go:41.19,42.33 1 1
github.com/nguyenvanxuanvu/register_course_check/pkg/modulefx/router/handler.go:42.33,47.17 3 0
github.com/nguyenvanxuanvu/register_course_check/pkg/modulefx/router/handler.go:51.3,52.17 2 0
github.com/nguyenvanxuanvu/register_course_check/pkg/modulefx/router/handler.go:57.3,57.55 1 0
github.com/nguyenvanxuanvu/register_course_check/pkg/modulefx/router/handler.go:47.17,50.4 2 0
github.com/nguyenvanxuanvu/register_course_check/pkg/modulefx/router/handler.go:52.17,55.4 2 0
github.com/nguyenvanxuanvu/register_course_check/pkg/modulefx/router/handler.go:61.81,62.33 1 1
github.com/nguyenvanxuanvu/register_course_check/pkg/modulefx/router/handler.go:62.33,64.23 2 1
github.com/nguyenvanxuanvu/register_course_check/pkg/modulefx/router/handler.go:68.3,69.21 2 0
github.com/nguyenvanxuanvu/register_course_check/pkg/modulefx/router/handler.go:73.3,73.14 1 0
github.com/nguyenvanxuanvu/register_course_check/pkg/modulefx/router/handler.go:64.23,67.4 2 1
github.com/nguyenvanxuanvu/register_course_check/pkg/modulefx/router/handler.go:69.21,72.4 2 0
github.com/nguyenvanxuanvu/register_course_check/pkg/modulefx/router/handler.go:77.73,81.55 2 0
github.com/nguyenvanxuanvu/register_course_check/pkg/modulefx/router/handler.go:85.2,85.30 1 0
github.com/nguyenvanxuanvu/register_course_check/pkg/modulefx/router/handler.go:81.55,83.3 1 0
github.com/nguyenvanxuanvu/register_course_check/pkg/modulefx/router/handler.go:88.83,92.60 2 0
github.com/nguyenvanxuanvu/register_course_check/pkg/modulefx/router/handler.go:96.2,96.35 1 0
github.com/nguyenvanxuanvu/register_course_check/pkg/modulefx/router/handler.go:92.60,94.3 1 0
github.com/nguyenvanxuanvu/register_course_check/pkg/modulefx/router/handler.go:99.96,103.71 2 0
github.com/nguyenvanxuanvu/register_course_check/pkg/modulefx/router/handler.go:107.2,107.45 1 0
github.com/nguyenvanxuanvu/register_course_check/pkg/modulefx/router/handler.go:103.71,105.3 1 0
github.com/nguyenvanxuanvu/register_course_check/mysql/mysql.go:17.45,19.67 2 0
github.com/nguyenvanxuanvu/register_course_check/mysql/mysql.go:23.2,23.11 1 0
github.com/nguyenvanxuanvu/register_course_check/mysql/mysql.go:19.67,22.3 2 0
github.com/nguyenvanxuanvu/register_course_check/mysql/mysql.go:27.43,37.16 9 0
github.com/nguyenvanxuanvu/register_course_check/mysql/mysql.go:42.2,51.11 6 0
github.com/nguyenvanxuanvu/register_course_check/mysql/mysql.go:37.16,39.3 1 0
github.com/nguyenvanxuanvu/register_course_check/pkg/modulefx/repository/repository.go:17.44,19.2 1 1
github.com/nguyenvanxuanvu/register_course_check/pkg/modulefx/repository/repository.go:27.112,32.16 3 0
github.com/nguyenvanxuanvu/register_course_check/pkg/modulefx/repository/repository.go:36.2,36.18 1 0
github.com/nguyenvanxuanvu/register_course_check/pkg/modulefx/repository/repository.go:41.2,42.16 2 0
github.com/nguyenvanxuanvu/register_course_check/pkg/modulefx/repository/repository.go:46.2,46.18 1 0
github.com/nguyenvanxuanvu/register_course_check/pkg/modulefx/repository/repository.go:51.2,51.67 1 0
github.com/nguyenvanxuanvu/register_course_check/pkg/modulefx/repository/repository.go:32.16,34.3 1 0
github.com/nguyenvanxuanvu/register_course_check/pkg/modulefx/repository/repository.go:36.18,39.3 2 0
github.com/nguyenvanxuanvu/register_course_check/pkg/modulefx/repository/repository.go:42.16,44.3 1 0
github.com/nguyenvanxuanvu/register_course_check/pkg/modulefx/repository/repository.go:46.18,49.3 2 0
github.com/nguyenvanxuanvu/register_course_check/pkg/modulefx/repository/repository.go:57.163,60.16 3 0
github.com/nguyenvanxuanvu/register_course_check/pkg/modulefx/repository/repository.go:63.2,63.18 1 0
github.com/nguyenvanxuanvu/register_course_check/pkg/modulefx/repository/repository.go:67.2,69.22 3 0
github.com/nguyenvanxuanvu/register_course_check/pkg/modulefx/repository/repository.go:75.2,75.26 1 0
github.com/nguyenvanxuanvu/register_course_check/pkg/modulefx/repository/repository.go:82.2,82.44 1 0
github.com/nguyenvanxuanvu/register_course_check/pkg/modulefx/repository/repository.go:60.16,62.3 1 0
github.com/nguyenvanxuanvu/register_course_check/pkg/modulefx/repository/repository.go:63.18,65.3 1 0
github.com/nguyenvanxuanvu/register_course_check/pkg/modulefx/repository/repository.go:69.22,71.17 2 0
github.com/nguyenvanxuanvu/register_course_check/pkg/modulefx/repository/repository.go:71.17,73.4 1 0
github.com/nguyenvanxuanvu/register_course_check/pkg/modulefx/repository/repository.go:75.26,77.17 2 0
github.com/nguyenvanxuanvu/register_course_check/pkg/modulefx/repository/repository.go:77.17,79.4 1 0
github.com/nguyenvanxuanvu/register_course_check/pkg/modulefx/repository/repository.go:89.107,90.47 1 0
github.com/nguyenvanxuanvu/register_course_check/pkg/modulefx/repository/repository.go:101.2,101.18 1 0
github.com/nguyenvanxuanvu/register_course_check/pkg/modulefx/repository/repository.go:90.47,93.17 2 0
github.com/nguyenvanxuanvu/register_course_check/pkg/modulefx/repository/repository.go:96.3,97.17 2 0
github.com/nguyenvanxuanvu/register_course_check/pkg/modulefx/repository/repository.go:93.17,95.4 1 0
github.com/nguyenvanxuanvu/register_course_check/pkg/modulefx/repository/repository.go:97.17,99.4 1 0
github.com/nguyenvanxuanvu/register_course_check/redis/redis.go:14.57,17.25 2 0
github.com/nguyenvanxuanvu/register_course_check/redis/redis.go:24.2,32.64 4 0
github.com/nguyenvanxuanvu/register_course_check/redis/redis.go:36.2,38.67 2 0
github.com/nguyenvanxuanvu/register_course_check/redis/redis.go:44.2,44.57 1 0
github.com/nguyenvanxuanvu/register_course_check/redis/redis.go:17.25,19.3 1 0
github.com/nguyenvanxuanvu/register_course_check/redis/redis.go:32.64,34.3 1 0
github.com/nguyenvanxuanvu/register_course_check/redis/redis.go:38.67,41.3 2 0
github.com/nguyenvanxuanvu/register_course_check/testing/mocks/RegisterCourseCheck.go:27.97,31.2 3 0
github.com/nguyenvanxuanvu/register_course_check/testing/mocks/RegisterCourseCheck.go:34.95,36.2 1 0
github.com/nguyenvanxuanvu/register_course_check/testing/mocks/RegisterCourseCheck.go:39.128,45.2 5 0
github.com/nguyenvanxuanvu/register_course_check/testing/mocks/RegisterCourseCheck.go:48.98,51.2 2 0
github.com/nguyenvanxuanvu/register_course_check/testing/mocks/RegisterCourseCheck.go:54.143,60.2 5 0
github.com/nguyenvanxuanvu/register_course_check/testing/mocks/RegisterCourseCheck.go:63.103,66.2 2 0
github.com/nguyenvanxuanvu/register_course_check/testing/mocks/RegisterCourseCheck.go:69.134,75.2 5 0
github.com/nguyenvanxuanvu/register_course_check/testing/mocks/RegisterCourseCheck.go:78.114,81.2 2 0
